125 160 175 184
125 140 186 200
110 150 200 200
110 200 200 150
125 125 192 221
100 175 190 200
112 150 160 250
100 150 200 225
120 125 180 250
113 125 200 240
100 160 170 250
100 144 190 250
114 120 200 250
100 140 196 250
106 125 208 250
88 175 180 250
100 150 168 275
117 125 160 300
100 120 235 250
80 175 202 250
100 125 202 280
100 118 240 250
120 125 150 316
100 115 248 250
102 112 250 250
119 125 150 320
80 150 240 250
100 120 200 300
100 150 150 320
80 145 250 250
75 176 200 275
70 200 208 250
100 128 175 325
100 125 180 324
70 175 240 250
100 105 250 280
120 125 140 350
67 200 220 250
90 125 200 332
100 100 250 300
64 188 250 250
64 250 250 188
80 126 250 300
96 125 175 360
112 125 144 375
125 125 128 378
100 127 160 375
60 200 250 255
75 150 200 340
100 100 225 340
100 120 170 375
59 208 250 250
59 250 250 208
100 100 220 350
100 125 160 385
75 129 250 320
80 125 225 344
120 125 129 400
80 125 222 350
76 125 250 328
75 125 260 320
100 130 150 400
92 100 250 340
58 200 225 300
80 131 200 375
72 125 275 320
75 125 240 352
90 100 250 352
100 100 200 400
75 120 250 356
88 100 250 365
50 240 250 270
60 150 300 300
75 120 240 375
75 135 200 400
80 125 200 405
50 232 250 280
85 100 256 375
84 100 260 375
104 125 140 450
48 250 250 274
50 200 275 300
48 230 250 300
60 150 250 368
69 125 250 384
70 125 238 400
85 98 250 400
85 125 175 448
76 110 250 400
62 150 225 400
50 200 240 350
70 120 250 400
65 130 250 400
64 125 282 375
100 125 141 480
60 142 250 400
50 190 240 375
50 200 225 380
75 100 300 380
80 150 150 475
100 100 180 475
80 100 250 430
50 180 250 384
54 160 250 400
64 150 200 450
100 120 144 500
50 170 272 375
79 100 250 440
60 125 300 388
50 175 250 400
100 100 175 500
80 146 150 500
64 125 250 439
42 240 250 350
70 112 250 450
75 125 192 490
75 147 160 500
112 120 125 525
40 250 295 300
75 128 185 500
45 200 250 396
81 110 200 500
50 149 320 375
40 250 256 350
40 250 250 360
50 150 300 400
50 200 200 450
82 100 220 500
43 210 250 400
48 175 250 430
60 152 200 500
48 170 250 450
68 100 300 450
40 230 250 400
50 160 250 460
100 125 130 568
64 100 375 385
40 225 250 412
40 220 250 425
85 100 200 550
50 156 250 480
52 125 375 384
65 96 375 400
70 100 268 500
35 250 300 360
40 180 350 375
45 150 350 400
75 90 280 500
80 90 250 525
50 128 375 395
50 158 240 500
75 80 375 424
75 100 232 550
35 250 274 400
60 100 400 400
80 80 300 500
100 100 160 600
37 200 325 400
50 125 360 428
60 100 375 428
50 140 276 500
80 125 161 600
80 88 250 550
34 250 285 400
40 204 250 475
72 150 150 600
100 120 130 625
40 163 375 400
40 200 250 490
70 100 250 560
50 120 375 436
80 136 145 625
85 116 160 625
47 140 300 500
94 100 168 625
92 100 172 625
50 125 320 495
50 150 240 550
60 100 330 500
75 75 400 440
80 120 165 625
32 250 310 400
50 144 250 555
74 75 400 450
74 100 225 600
74 120 180 625
40 175 286 500
70 130 176 625
50 120 335 500
76 106 200 625
40 168 300 500
48 150 250 560
63 160 160 625
64 144 175 625
75 125 168 640
60 160 169 625
64 130 195 625
65 125 200 624
64 127 200 625
40 150 375 452
30 250 340 400
50 170 200 600
73 100 224 625
36 190 300 500
45 125 400 456
57 144 200 625
35 200 294 500
50 125 294 560
56 98 375 500
64 110 235 625
30 230 375 400
40 150 345 500
60 100 300 575
60 120 230 625
100 120 125 690
68 100 244 625
96 125 125 692
29 240 375 400
30 250 300 464
100 100 150 700
64 100 263 625
50 108 375 520
50 144 234 625
54 125 250 624
60 108 260 625
75 78 300 600
78 80 270 625
78 100 200 675
44 125 375 512
55 120 256 625
66 100 250 640
32 250 250 532
50 133 256 625
64 95 280 625
48 142 250 625
80 125 150 710
40 178 250 600
42 200 204 625
51 100 420 500
56 90 425 500
100 100 148 725
65 100 250 664
25 320 360 375
30 200 400 450
50 100 450 480
75 125 160 720
40 190 228 625
25 310 350 400
40 175 250 620
70 80 310 625
40 181 240 625
30 200 375 484
44 120 375 550
50 99 440 500
42 200 200 650
100 112 130 750
30 200 365 500
48 120 305 625
25 275 400 400
40 160 275 625
50 100 400 550
55 100 320 625
64 100 250 690
36 200 246 625
40 125 450 492
54 100 328 625
25 265 375 448
30 186 400 500
80 100 186 750
96 120 125 775
43 130 320 625
50 130 250 688
32 165 425 500
60 85 352 625
25 250 400 450
25 300 300 500
50 100 375 600
75 100 200 750
25 250 392 460
25 280 322 500
40 140 322 625
40 125 400 565
50 125 260 696
50 156 200 725
65 116 200 750
32 225 252 625
25 256 355 500
40 134 340 625
25 240 400 475
64 76 375 625
95 120 125 800
25 250 360 508
60 75 500 508
64 75 382 625
35 160 328 625
25 240 375 512
50 90 500 512
50 160 192 750
25 280 300 550
30 175 400 550
30 220 280 625
40 165 250 700
55 100 300 700
60 125 200 770
29 250 256 625
24 250 387 500
45 100 500 516
53 88 400 625
25 250 334 560
25 225 400 520
30 195 320 625
30 240 250 650
50 130 240 750
60 100 260 750
65 125 180 800
75 100 195 800
46 102 400 625
48 131 250 750
60 125 197 800
25 275 288 600
40 198 200 750
44 144 250 750
48 90 500 550
50 88 450 600
75 88 225 800
25 250 320 595
50 100 340 700
100 100 140 850
40 115 416 625
46 100 400 650
50 112 285 750
40 109 500 550
50 88 436 625
40 160 250 750
50 150 200 800
25 201 480 500
25 268 288 625
64 67 450 625
25 256 302 625
32 151 400 625
25 250 310 624
40 125 346 700
25 200 450 540
45 120 300 750
50 90 400 675
75 80 250 810
20 348 350 500
25 232 336 625
25 250 305 640
24 255 320 625
30 150 500 544
34 200 240 750
20 300 410 500
25 205 400 600
60 100 250 820
22 250 400 560
28 250 250 704
25 190 500 520
50 100 325 760
42 100 472 625
59 80 350 750
24 225 368 625
25 192 450 575
32 135 500 575
45 92 480 625
92 100 150 900
50 125 240 830
25 208 375 640
25 200 400 625
20 300 375 556
44 125 285 800
30 200 280 750
35 120 480 625
35 200 225 800
40 120 350 750
50 80 500 630
50 120 250 840
80 80 225 875
25 192 421 625
22 250 368 625
40 100 550 575
18 375 376 500
25 180 500 564
30 144 470 625
48 125 250 846
75 94 200 900
25 224 325 700
26 175 448 625
40 125 325 784
49 80 520 625
49 100 325 800
64 125 175 910
20 255 500 500
40 100 510 625
40 100 500 640
21 250 400 610
25 183 448 625
61 70 400 750
60 64 535 625
20 312 330 625
22 240 375 650
50 100 312 825
52 75 500 660
17 400 400 475
40 152 250 850
20 280 370 625
25 200 370 700
25 250 280 740
70 100 200 925
20 250 450 576
30 216 250 800
25 176 472 625
50 118 250 880
59 64 550 625
32 125 525 620
40 112 375 775
20 250 435 600
25 240 290 750
30 150 400 725
50 75 580 600
50 80 450 725
75 125 145 960
25 250 276 760
25 219 320 750
32 125 500 657
40 150 250 880
50 80 440 750
18 280 500 525
25 168 500 630
25 175 448 675
60 63 500 700
63 125 175 960
25 166 512 625
22 200 484 625
100 110 121 1000
25 192 375 740
32 120 555 625
37 120 375 800
96 111 125 1000
25 184 400 725
40 100 445 750
20 250 400 670
18 298 400 625
20 225 500 596
60 60 596 625
85 100 158 1000
20 224 500 600
35 125 384 800
84 100 160 1000
20 225 480 625
25 160 540 625
25 225 300 800
45 80 600 625
50 100 300 900
16 375 400 565
20 250 388 700
30 125 600 604
40 90 604 625
50 125 227 960
55 64 620 625
30 125 560 650
30 200 260 875
50 140 200 975
60 130 175 1000
70 100 195 1000
38 100 480 750
48 120 250 950
50 75 475 768
25 160 500 685
25 170 432 750
27 200 300 850
16 360 385 625
25 200 336 825
36 100 550 700
48 88 375 875
56 75 375 880
75 80 231 1000
100 105 125 1056
16 347 400 625
25 250 260 856
52 125 214 1000
30 125 512 725
32 125 435 800
40 87 625 640
60 100 232 1000
16 328 425 625
20 205 544 625
20 300 300 775
25 150 600 620
30 120 620 625
40 125 300 930
60 60 500 775
50 127 220 1000
25 175 400 800
35 100 625 640
70 80 250 1000
61 92 250 1000
20 234 400 750
50 120 234 1000
64 65 375 900
25 148 608 625
50 80 402 875
16 295 480 625
25 250 256 885
48 118 250 1000
22 172 600 625
16 290 490 625
20 196 580 625
40 100 406 875
56 100 250 1015
15 375 400 632
15 340 448 625
28 150 400 850
40 150 238 1000
42 136 250 1000
48 80 425 875
50 68 560 750
75 125 140 1088
25 200 325 880
100 100 130 1100
36 100 500 795
20 239 375 800
15 320 480 625
20 200 500 720
30 200 250 960
40 100 400 900
60 80 300 1000
50 112 250 1030
25 148 520 750
37 156 250 1000
25 170 400 850
14 360 500 575
14 375 460 600
24 150 575 700
40 84 575 750
69 80 250 1050
70 125 150 1104
22 165 625 640
22 250 300 880
20 200 485 750
47 100 310 1000
18 240 450 750
28 125 550 760
15 300 500 652
16 326 375 750
35 125 350 960
75 100 175 1120
16 256 575 625
16 300 410 750
30 200 246 1000
41 100 375 960
50 64 625 739
34 145 300 1000
25 150 475 832
25 247 250 960
25 160 424 875
16 250 594 625
20 180 625 660
25 225 275 960
30 110 625 720
30 125 450 880
30 180 275 1000
50 135 200 1100
55 100 250 1080
60 100 225 1100
40 80 625 745
24 142 625 700
28 213 250 1000
16 250 550 680
18 250 400 835
40 140 250 1075
50 100 280 1075
26 232 250 1000
27 125 560 800
32 100 630 750
32 180 250 1050
60 125 175 1152
32 100 625 757
50 80 375 1010
12 500 500 506
25 132 625 736
25 240 253 1000
40 100 380 1000
26 125 650 720
26 195 300 1000
16 250 508 750
40 139 250 1100
15 340 375 800
25 170 375 960
45 85 400 1000
85 120 125 1200
16 250 500 766
20 200 438 875
15 256 625 640
40 96 400 1000
25 190 324 1000
75 114 150 1200
16 230 625 670
23 250 268 1000
25 240 250 1030
40 100 375 1030
20 250 325 952
25 182 340 1000
52 70 425 1000
25 128 645 750
50 60 688 750
16 235 550 750
50 150 176 1175
14 300 500 740
25 128 625 778
15 250 600 692
40 75 692 750
25 160 400 975
30 130 400 1000
50 60 650 800
15 250 576 725
16 225 600 725
25 125 696 720
28 140 400 1000
50 70 448 1000
24 250 250 1048
15 250 560 750
20 180 500 875
25 200 300 1050
30 125 420 1000
50 60 625 840
50 75 400 1050
50 150 175 1200
100 105 120 1250
15 263 500 800
25 125 640 790
25 160 395 1000
16 250 465 850
31 100 600 850
15 240 625 704
20 264 300 1000
30 100 704 750
80 110 144 1250
88 96 150 1250
35 100 454 1000
50 118 225 1200
32 125 375 1064
70 76 250 1200
25 235 250 1088
24 130 625 820
50 65 500 984
65 120 164 1250
16 214 625 750
20 160 625 805
46 64 625 875
16 250 450 895
25 120 716 750
64 100 202 1250
22 175 420 1000
42 70 625 880
50 75 392 1100
50 125 210 1232
77 80 210 1250
25 120 675 800
25 135 500 960
50 100 270 1200
100 100 125 1300
11 400 592 625
25 128 550 925
48 150 181 1250
25 140 466 1000
50 128 204 1250
19 215 400 1000
43 125 250 1216
13 280 625 720
13 300 525 800
14 250 624 750
25 208 280 1125
26 112 750 750
28 160 325 1125
40 125 273 1200
48 65 525 1000
48 130 210 1250
70 78 240 1250
53 100 250 1240
25 122 600 900
25 192 305 1125
25 120 625 880
50 110 240 1250
80 125 125 1320
38 125 290 1200
16 200 690 750
20 150 736 750
25 225 256 1150
46 60 750 800
46 120 240 1250
70 75 250 1264
40 151 220 1250
64 100 200 1300
10 500 555 600
25 125 555 960
30 125 400 1110
30 185 250 1200
50 60 555 1000
60 80 278 1250
10 478 560 625
20 175 478 1000
28 200 250 1195
100 100 124 1350
10 460 584 625
25 160 375 1120
35 125 320 1200
50 80 350 1200
16 200 625 841
29 100 625 928
22 136 625 900
25 150 408 1100
40 68 750 825
48 110 250 1275
50 68 440 1125
16 250 422 1000
25 192 300 1175
32 125 360 1175
40 120 282 1250
47 60 625 960
48 94 300 1250
10 484 500 700
14 250 550 880
30 100 565 1000
15 283 400 1000
10 425 625 640
35 81 625 960
36 75 750 840
36 135 280 1250
50 105 250 1296
25 130 500 1048
20 250 300 1140
25 200 285 1200
30 95 625 960
30 190 240 1250
40 95 375 1200
45 95 320 1250
40 70 625 980
40 100 350 1225
16 195 625 880
30 176 260 1250
10 400 625 690
15 250 460 1000
25 115 625 960
25 150 400 1150
50 80 345 1250
20 157 550 1000
10 450 500 768
18 160 750 800
30 160 288 1250
50 128 200 1350
31 175 250 1280
15 200 750 772
10 400 580 750
15 200 725 800
25 125 520 1072
52 100 250 1340
25 115 608 1000
10 375 650 720
15 250 450 1040
20 150 585 1000
30 200 225 1300
40 65 750 900
45 60 650 1000
50 60 520 1125
28 100 625 1004
10 400 550 800
9 490 625 640
14 300 400 1050
15 224 525 1000
20 250 294 1200
24 210 280 1250
28 150 336 1250
30 125 384 1225
50 72 392 1250
10 372 625 760
58 61 400 1250
10 375 600 788
16 250 400 1110
25 111 640 1000
25 112 625 1016
25 125 508 1120
15 192 750 825
20 162 500 1100
22 125 675 960
22 240 270 1250
36 100 396 1250
10 400 525 850
20 200 375 1190
10 360 625 796
26 150 368 1250
10 400 514 875
15 200 625 960
30 120 400 1250
50 50 800 900
32 85 625 1060
21 125 800 860
21 215 320 1250
42 64 625 1075
25 134 450 1200
20 240 302 1250
10 375 550 880
25 220 250 1320
10 400 500 910
25 175 320 1300
40 130 250 1400
50 70 400 1300
11 400 415 1000
12 250 725 840
12 290 525 1000
12 300 500 1015
30 112 435 1250
35 150 250 1392
42 60 725 1000
50 63 464 1250
87 100 140 1500
25 124 500 1180
50 60 500 1220
13 235 625 960
48 65 470 1250
16 170 750 900
25 100 820 900
40 75 500 1230
50 50 720 1025
20 128 825 875
48 55 625 1120
8 592 625 625
25 100 800 925
25 218 250 1360
50 100 256 1450
8 550 625 676
26 208 250 1375
25 100 775 960
48 62 500 1250
8 540 625 690
20 138 625 1080
23 240 250 1350
54 125 184 1500
16 178 625 1050
10 312 750 800
10 375 512 975
12 250 650 960
12 260 600 1000
15 192 625 1040
26 96 750 1000
45 65 512 1250
50 130 192 1500
52 120 200 1500
25 100 750 1000
50 125 200 1500
10 400 470 1000
10 396 475 1000
11 285 625 960
11 300 570 1000
15 275 375 1216
16 165 750 950
16 190 550 1125
16 285 330 1250
20 125 836 900
20 171 440 1250
24 132 475 1250
30 176 250 1425
25 100 736 1025
8 500 629 750
15 175 800 900
20 125 800 945
25 125 480 1260
25 225 240 1400
30 100 500 1260
16 176 625 1075
25 172 320 1375
12 250 631 1000
16 250 379 1250
40 65 625 1168
15 317 320 1250
10 350 544 1000
16 175 625 1088
16 238 400 1250
34 70 800 1000
40 70 544 1250
8 480 625 795
10 300 750 848
25 106 625 1152
48 50 750 1060
10 320 625 955
30 175 250 1456
35 80 546 1250
10 319 625 960
22 250 250 1392
16 225 426 1250
25 142 400 1350
50 72 375 1420
100 100 120 1600
16 250 375 1282
20 250 280 1375
25 100 700 1100
96 100 125 1605
10 322 600 1000
14 300 368 1250
30 92 560 1250
35 125 300 1472
10 400 450 1075
15 240 430 1250
25 120 500 1290
30 80 750 1075
25 200 268 1450
9 375 600 960
32 162 250 1500
40 64 625 1215
22 120 625 1180
24 125 500 1298
50 50 650 1200
80 120 125 1625
8 420 750 775
8 450 620 875
10 310 625 1008
25 93 875 960
30 175 248 1500
48 105 250 1550
25 100 680 1150
50 80 326 1500
8 445 625 880
55 125 178 1600
16 250 370 1325
10 300 655 1000
8 410 750 800
40 100 328 1500
75 125 128 1640
8 438 625 900
12 250 584 1125
36 100 375 1460
45 50 876 1000
14 240 470 1250
20 140 564 1250
16 190 520 1250
19 125 832 1000
15 165 800 1000
55 100 225 1600
80 100 150 1650
15 204 520 1250
25 204 260 1500
30 85 624 1250
50 144 170 1625
60 100 204 1625
10 285 700 1000
15 250 400 1330
20 200 350 1425
25 190 280 1500
50 75 350 1520
25 185 288 1500
50 100 250 1600
